2020-03-28 00:51:03.188  INFO 29820 --- [RMI TCP Connection(316)-127.0.0.1] inMXBeanRegistrar$SpringApplicationAdmin : Application shutdown requested.
2020-03-28 00:51:03.224  INFO 29820 --- [RMI TCP Connection(316)-127.0.0.1] o.s.s.concurrent.ThreadPoolTaskExecutor  : Shutting down ExecutorService 'applicationTaskExecutor'
2020-03-28 00:51:03.227  INFO 29820 --- [RMI TCP Connection(316)-127.0.0.1] j.LocalContainerEntityManagerFactoryBean : Closing JPA EntityManagerFactory for persistence unit 'default'
2020-03-28 00:51:03.237  INFO 29820 --- [RMI TCP Connection(316)-127.0.0.1] com.zaxxer.hikari.HikariDataSource       : HikariPool-1 - Shutdown initiated...
2020-03-28 00:51:03.243  INFO 29820 --- [RMI TCP Connection(316)-127.0.0.1] com.zaxxer.hikari.HikariDataSource       : HikariPool-1 - Shutdown completed.
2020-03-28 00:52:01.083  INFO 8664 --- [main] t.c.w.ConsomiTounsi619ApplicationTests   : Starting ConsomiTounsi619ApplicationTests on DESKTOP-AEHOEIC with PID 8664 (started by Marwa in C:\Users\Marwa\Documents\workspace-sts-3.9.4.RELEASE\ConsomiTounsi619)
2020-03-28 00:52:01.088  INFO 8664 --- [main] t.c.w.ConsomiTounsi619ApplicationTests   : No active profile set, falling back to default profiles: default
2020-03-28 00:52:01.583  INFO 8664 --- [main] .s.d.r.c.RepositoryConfigurationDelegate : Bootstrapping Spring Data JPA repositories in DEFAULT mode.
2020-03-28 00:52:01.677  INFO 8664 --- [main] .s.d.r.c.RepositoryConfigurationDelegate : Finished Spring Data repository scanning in 83ms. Found 7 JPA repository interfaces.
2020-03-28 00:52:02.450  INFO 8664 --- [main] o.hibernate.jpa.internal.util.LogHelper  : HHH000204: Processing PersistenceUnitInfo [name: default]
2020-03-28 00:52:02.569  INFO 8664 --- [main] org.hibernate.Version                    : HHH000412: Hibernate ORM core version 5.4.12.Final
2020-03-28 00:52:02.709  INFO 8664 --- [main] o.hibernate.annotations.common.Version   : HCANN000001: Hibernate Commons Annotations {5.1.0.Final}
2020-03-28 00:52:03.223  INFO 8664 --- [main] com.zaxxer.hikari.HikariDataSource       : HikariPool-1 - Starting...
2020-03-28 00:52:03.368  INFO 8664 --- [main] com.zaxxer.hikari.HikariDataSource       : HikariPool-1 - Start completed.
2020-03-28 00:52:03.385  INFO 8664 --- [main] org.hibernate.dialect.Dialect            : HHH000400: Using dialect: org.hibernate.dialect.MySQL5InnoDBDialect
2020-03-28 00:52:04.003  INFO 8664 --- [main] org.hibernate.tuple.PojoInstantiator     : HHH000182: No default (no-argument) constructor for class: tn.consomitounsi.www.entity.UserProductCategoryViews (class must be instantiated by Interceptor)
2020-03-28 00:52:04.028  INFO 8664 --- [main] org.hibernate.tuple.PojoInstantiator     : HHH000182: No default (no-argument) constructor for class: tn.consomitounsi.www.entity.UserProductViews (class must be instantiated by Interceptor)
2020-03-28 00:52:04.333  INFO 8664 --- [main] o.h.e.t.j.p.i.JtaPlatformInitiator       : HHH000490: Using JtaPlatform implementation: [org.hibernate.engine.transaction.jta.platform.internal.NoJtaPlatform]
2020-03-28 00:52:04.341  INFO 8664 --- [main] j.LocalContainerEntityManagerFactoryBean : Initialized JPA EntityManagerFactory for persistence unit 'default'
2020-03-28 00:52:05.166  WARN 8664 --- [main] JpaBaseConfiguration$JpaWebConfiguration : spring.jpa.open-in-view is enabled by default. Therefore, database queries may be performed during view rendering. Explicitly configure spring.jpa.open-in-view to disable this warning
2020-03-28 00:52:05.410  INFO 8664 --- [main] o.s.s.concurrent.ThreadPoolTaskExecutor  : Initializing ExecutorService 'applicationTaskExecutor'
2020-03-28 00:52:05.947  INFO 8664 --- [main] .s.s.UserDetailsServiceAutoConfiguration : 

Using generated security password: c9b0c6c2-be31-4b8e-921d-a687e80139a9

2020-03-28 00:52:06.185  INFO 8664 --- [main] o.s.s.web.DefaultSecurityFilterChain     : Creating filter chain: any request, [org.springframework.security.web.context.request.async.WebAsyncManagerIntegrationFilter@a7bbdbc, org.springframework.security.web.context.SecurityContextPersistenceFilter@67e4928c, org.springframework.security.web.header.HeaderWriterFilter@1ae9d0e4, org.springframework.security.web.csrf.CsrfFilter@49cceb19, org.springframework.security.web.authentication.logout.LogoutFilter@9cc0505, org.springframework.security.web.authentication.UsernamePasswordAuthenticationFilter@186f7434, org.springframework.security.web.authentication.ui.DefaultLoginPageGeneratingFilter@61836cd9, org.springframework.security.web.authentication.ui.DefaultLogoutPageGeneratingFilter@63eea8c4, org.springframework.security.web.authentication.www.BasicAuthenticationFilter@e3c36d, org.springframework.security.web.savedrequest.RequestCacheAwareFilter@72e75786, org.springframework.security.web.servletapi.SecurityContextHolderAwareRequestFilter@362be0cd, org.springframework.security.web.authentication.AnonymousAuthenticationFilter@19924f15, org.springframework.security.web.session.SessionManagementFilter@294c44b7, org.springframework.security.web.access.ExceptionTranslationFilter@7c47e077, org.springframework.security.web.access.intercept.FilterSecurityInterceptor@46de118b]
2020-03-28 00:52:06.277  INFO 8664 --- [main] t.c.w.ConsomiTounsi619ApplicationTests   : Started ConsomiTounsi619ApplicationTests in 5.493 seconds (JVM running for 6.483)
2020-03-28 00:52:06.398  INFO 8664 --- [SpringContextShutdownHook] o.s.s.concurrent.ThreadPoolTaskExecutor  : Shutting down ExecutorService 'applicationTaskExecutor'
2020-03-28 00:52:06.400  INFO 8664 --- [SpringContextShutdownHook] j.LocalContainerEntityManagerFactoryBean : Closing JPA EntityManagerFactory for persistence unit 'default'
2020-03-28 00:52:06.403  INFO 8664 --- [SpringContextShutdownHook] com.zaxxer.hikari.HikariDataSource       : HikariPool-1 - Shutdown initiated...
2020-03-28 00:52:06.414  INFO 8664 --- [SpringContextShutdownHook] com.zaxxer.hikari.HikariDataSource       : HikariPool-1 - Shutdown completed.
2020-03-28 01:07:53.546  INFO 13984 --- [main] t.c.w.ConsomiTounsi619ApplicationTests   : Starting ConsomiTounsi619ApplicationTests on DESKTOP-AEHOEIC with PID 13984 (started by Marwa in C:\Users\Marwa\Documents\workspace-sts-3.9.4.RELEASE\ConsomiTounsi619)
2020-03-28 01:07:53.551  INFO 13984 --- [main] t.c.w.ConsomiTounsi619ApplicationTests   : No active profile set, falling back to default profiles: default
2020-03-28 01:07:54.058  INFO 13984 --- [main] .s.d.r.c.RepositoryConfigurationDelegate : Bootstrapping Spring Data JPA repositories in DEFAULT mode.
2020-03-28 01:07:54.153  INFO 13984 --- [main] .s.d.r.c.RepositoryConfigurationDelegate : Finished Spring Data repository scanning in 84ms. Found 7 JPA repository interfaces.
2020-03-28 01:07:54.880  INFO 13984 --- [main] o.hibernate.jpa.internal.util.LogHelper  : HHH000204: Processing PersistenceUnitInfo [name: default]
2020-03-28 01:07:54.996  INFO 13984 --- [main] org.hibernate.Version                    : HHH000412: Hibernate ORM core version 5.4.12.Final
2020-03-28 01:07:55.140  INFO 13984 --- [main] o.hibernate.annotations.common.Version   : HCANN000001: Hibernate Commons Annotations {5.1.0.Final}
2020-03-28 01:07:55.685  INFO 13984 --- [main] com.zaxxer.hikari.HikariDataSource       : HikariPool-1 - Starting...
2020-03-28 01:07:55.830  INFO 13984 --- [main] com.zaxxer.hikari.HikariDataSource       : HikariPool-1 - Start completed.
2020-03-28 01:07:55.848  INFO 13984 --- [main] org.hibernate.dialect.Dialect            : HHH000400: Using dialect: org.hibernate.dialect.MySQL5InnoDBDialect
2020-03-28 01:07:56.501  INFO 13984 --- [main] org.hibernate.tuple.PojoInstantiator     : HHH000182: No default (no-argument) constructor for class: tn.consomitounsi.www.entity.UserProductCategoryViews (class must be instantiated by Interceptor)
2020-03-28 01:07:56.527  INFO 13984 --- [main] org.hibernate.tuple.PojoInstantiator     : HHH000182: No default (no-argument) constructor for class: tn.consomitounsi.www.entity.UserProductViews (class must be instantiated by Interceptor)
2020-03-28 01:07:56.833  INFO 13984 --- [main] o.h.e.t.j.p.i.JtaPlatformInitiator       : HHH000490: Using JtaPlatform implementation: [org.hibernate.engine.transaction.jta.platform.internal.NoJtaPlatform]
2020-03-28 01:07:56.842  INFO 13984 --- [main] j.LocalContainerEntityManagerFactoryBean : Initialized JPA EntityManagerFactory for persistence unit 'default'
2020-03-28 01:07:57.713  WARN 13984 --- [main] JpaBaseConfiguration$JpaWebConfiguration : spring.jpa.open-in-view is enabled by default. Therefore, database queries may be performed during view rendering. Explicitly configure spring.jpa.open-in-view to disable this warning
2020-03-28 01:07:57.929  INFO 13984 --- [main] o.s.s.concurrent.ThreadPoolTaskExecutor  : Initializing ExecutorService 'applicationTaskExecutor'
2020-03-28 01:07:58.498  INFO 13984 --- [main] .s.s.UserDetailsServiceAutoConfiguration : 

Using generated security password: 91c417eb-ad66-4089-a95b-ff5ca3bb43a0

2020-03-28 01:07:58.716  INFO 13984 --- [main] o.s.s.web.DefaultSecurityFilterChain     : Creating filter chain: any request, [org.springframework.security.web.context.request.async.WebAsyncManagerIntegrationFilter@621392ea, org.springframework.security.web.context.SecurityContextPersistenceFilter@2c0fefac, org.springframework.security.web.header.HeaderWriterFilter@30bbe83, org.springframework.security.web.csrf.CsrfFilter@616f81b5, org.springframework.security.web.authentication.logout.LogoutFilter@5ad40184, org.springframework.security.web.authentication.UsernamePasswordAuthenticationFilter@2c5708e7, org.springframework.security.web.authentication.ui.DefaultLoginPageGeneratingFilter@2f75a9b1, org.springframework.security.web.authentication.ui.DefaultLogoutPageGeneratingFilter@35524549, org.springframework.security.web.authentication.www.BasicAuthenticationFilter@141dfcf9, org.springframework.security.web.savedrequest.RequestCacheAwareFilter@733fa95c, org.springframework.security.web.servletapi.SecurityContextHolderAwareRequestFilter@1b632442, org.springframework.security.web.authentication.AnonymousAuthenticationFilter@23ec63af, org.springframework.security.web.session.SessionManagementFilter@67e4928c, org.springframework.security.web.access.ExceptionTranslationFilter@6acb45c1, org.springframework.security.web.access.intercept.FilterSecurityInterceptor@799fb45e]
2020-03-28 01:07:58.802  INFO 13984 --- [main] t.c.w.ConsomiTounsi619ApplicationTests   : Started ConsomiTounsi619ApplicationTests in 5.518 seconds (JVM running for 6.482)
2020-03-28 01:07:58.922  INFO 13984 --- [SpringContextShutdownHook] o.s.s.concurrent.ThreadPoolTaskExecutor  : Shutting down ExecutorService 'applicationTaskExecutor'
2020-03-28 01:07:58.924  INFO 13984 --- [SpringContextShutdownHook] j.LocalContainerEntityManagerFactoryBean : Closing JPA EntityManagerFactory for persistence unit 'default'
2020-03-28 01:07:58.927  INFO 13984 --- [SpringContextShutdownHook] com.zaxxer.hikari.HikariDataSource       : HikariPool-1 - Shutdown initiated...
2020-03-28 01:07:58.937  INFO 13984 --- [SpringContextShutdownHook] com.zaxxer.hikari.HikariDataSource       : HikariPool-1 - Shutdown completed.
2020-03-28 03:51:24.539  INFO 15516 --- [main] t.c.www.ConsomiTounsi619Application      : Starting ConsomiTounsi619Application on DESKTOP-AEHOEIC with PID 15516 (C:\Users\Marwa\Documents\workspace-sts-3.9.4.RELEASE\ConsomiTounsi619\target\classes started by Marwa in C:\Users\Marwa\Documents\workspace-sts-3.9.4.RELEASE\ConsomiTounsi619)
2020-03-28 03:51:24.542  INFO 15516 --- [main] t.c.www.ConsomiTounsi619Application      : No active profile set, falling back to default profiles: default
2020-03-28 03:51:25.067  INFO 15516 --- [main] .s.d.r.c.RepositoryConfigurationDelegate : Bootstrapping Spring Data JPA repositories in DEFAULT mode.
2020-03-28 03:51:25.166  INFO 15516 --- [main] .s.d.r.c.RepositoryConfigurationDelegate : Finished Spring Data repository scanning in 90ms. Found 7 JPA repository interfaces.
2020-03-28 03:51:25.864  INFO 15516 --- [main] o.s.b.w.embedded.tomcat.TomcatWebServer  : Tomcat initialized with port(s): 8093 (http)
2020-03-28 03:51:25.871  INFO 15516 --- [main] o.apache.catalina.core.StandardService   : Starting service [Tomcat]
2020-03-28 03:51:25.871  INFO 15516 --- [main] org.apache.catalina.core.StandardEngine  : Starting Servlet engine: [Apache Tomcat/9.0.31]
2020-03-28 03:51:25.988  INFO 15516 --- [main] o.a.c.c.C.[.[.[/ConsomiTounsi]           : Initializing Spring embedded WebApplicationContext
2020-03-28 03:51:25.988  INFO 15516 --- [main] o.s.web.context.ContextLoader            : Root WebApplicationContext: initialization completed in 1412 ms
2020-03-28 03:51:26.131  INFO 15516 --- [main] o.hibernate.jpa.internal.util.LogHelper  : HHH000204: Processing PersistenceUnitInfo [name: default]
2020-03-28 03:51:26.186  INFO 15516 --- [main] org.hibernate.Version                    : HHH000412: Hibernate ORM core version 5.4.12.Final
2020-03-28 03:51:26.276  INFO 15516 --- [main] o.hibernate.annotations.common.Version   : HCANN000001: Hibernate Commons Annotations {5.1.0.Final}
2020-03-28 03:51:26.407  INFO 15516 --- [main] com.zaxxer.hikari.HikariDataSource       : HikariPool-1 - Starting...
2020-03-28 03:51:26.516  INFO 15516 --- [main] com.zaxxer.hikari.HikariDataSource       : HikariPool-1 - Start completed.
2020-03-28 03:51:26.527  INFO 15516 --- [main] org.hibernate.dialect.Dialect            : HHH000400: Using dialect: org.hibernate.dialect.MySQL5InnoDBDialect
2020-03-28 03:51:26.976  INFO 15516 --- [main] org.hibernate.tuple.PojoInstantiator     : HHH000182: No default (no-argument) constructor for class: tn.consomitounsi.www.entity.UserProductCategoryViews (class must be instantiated by Interceptor)
2020-03-28 03:51:26.993  INFO 15516 --- [main] org.hibernate.tuple.PojoInstantiator     : HHH000182: No default (no-argument) constructor for class: tn.consomitounsi.www.entity.UserProductViews (class must be instantiated by Interceptor)
2020-03-28 03:51:27.877  INFO 15516 --- [main] o.h.e.t.j.p.i.JtaPlatformInitiator       : HHH000490: Using JtaPlatform implementation: [org.hibernate.engine.transaction.jta.platform.internal.NoJtaPlatform]
2020-03-28 03:51:27.883  INFO 15516 --- [main] j.LocalContainerEntityManagerFactoryBean : Initialized JPA EntityManagerFactory for persistence unit 'default'
2020-03-28 03:51:28.281  WARN 15516 --- [main] JpaBaseConfiguration$JpaWebConfiguration : spring.jpa.open-in-view is enabled by default. Therefore, database queries may be performed during view rendering. Explicitly configure spring.jpa.open-in-view to disable this warning
2020-03-28 03:51:28.404  INFO 15516 --- [main] o.s.s.web.DefaultSecurityFilterChain     : Creating filter chain: any request, [org.springframework.security.web.context.request.async.WebAsyncManagerIntegrationFilter@a3b858f, org.springframework.security.web.context.SecurityContextPersistenceFilter@22b7ef2b, org.springframework.security.web.header.HeaderWriterFilter@6c96403e, org.springframework.security.web.csrf.CsrfFilter@1f179f51, org.springframework.security.web.authentication.logout.LogoutFilter@892af0e, org.springframework.security.web.authentication.UsernamePasswordAuthenticationFilter@56e5c8fb, org.springframework.security.web.authentication.ui.DefaultLoginPageGeneratingFilter@1682e6a, org.springframework.security.web.authentication.ui.DefaultLogoutPageGeneratingFilter@600bbf9e, org.springframework.security.web.savedrequest.RequestCacheAwareFilter@3c17bd0b, org.springframework.security.web.servletapi.SecurityContextHolderAwareRequestFilter@1ac0cdb0, org.springframework.security.web.authentication.AnonymousAuthenticationFilter@18d30e7, org.springframework.security.web.session.SessionManagementFilter@2353354a, org.springframework.security.web.access.ExceptionTranslationFilter@2a1e57c6, org.springframework.security.web.access.intercept.FilterSecurityInterceptor@59e082f8]
2020-03-28 03:51:28.525  INFO 15516 --- [main] o.s.s.concurrent.ThreadPoolTaskExecutor  : Initializing ExecutorService 'applicationTaskExecutor'
2020-03-28 03:51:28.679  INFO 15516 --- [main] o.s.b.w.embedded.tomcat.TomcatWebServer  : Tomcat started on port(s): 8093 (http) with context path '/ConsomiTounsi'
2020-03-28 03:51:28.680  INFO 15516 --- [main] t.c.www.ConsomiTounsi619Application      : Started ConsomiTounsi619Application in 4.601 seconds (JVM running for 5.499)
2020-03-28 03:59:30.245  INFO 15516 --- [RMI TCP Connection(17)-127.0.0.1] inMXBeanRegistrar$SpringApplicationAdmin : Application shutdown requested.
2020-03-28 03:59:30.250  INFO 15516 --- [RMI TCP Connection(17)-127.0.0.1] o.s.s.concurrent.ThreadPoolTaskExecutor  : Shutting down ExecutorService 'applicationTaskExecutor'
2020-03-28 03:59:30.253  INFO 15516 --- [RMI TCP Connection(17)-127.0.0.1] j.LocalContainerEntityManagerFactoryBean : Closing JPA EntityManagerFactory for persistence unit 'default'
2020-03-28 03:59:30.254  INFO 15516 --- [RMI TCP Connection(17)-127.0.0.1] com.zaxxer.hikari.HikariDataSource       : HikariPool-1 - Shutdown initiated...
2020-03-28 03:59:30.259  INFO 15516 --- [RMI TCP Connection(17)-127.0.0.1] com.zaxxer.hikari.HikariDataSource       : HikariPool-1 - Shutdown completed.
2020-03-28 04:01:26.516  INFO 27716 --- [main] t.c.www.ConsomiTounsi619Application      : Starting ConsomiTounsi619Application on DESKTOP-AEHOEIC with PID 27716 (C:\Users\Marwa\Documents\workspace-sts-3.9.4.RELEASE\ConsomiTounsi619\target\classes started by Marwa in C:\Users\Marwa\Documents\workspace-sts-3.9.4.RELEASE\ConsomiTounsi619)
2020-03-28 04:01:26.518  INFO 27716 --- [main] t.c.www.ConsomiTounsi619Application      : No active profile set, falling back to default profiles: default
2020-03-28 04:01:26.983  INFO 27716 --- [main] .s.d.r.c.RepositoryConfigurationDelegate : Bootstrapping Spring Data JPA repositories in DEFAULT mode.
2020-03-28 04:01:27.054  INFO 27716 --- [main] .s.d.r.c.RepositoryConfigurationDelegate : Finished Spring Data repository scanning in 65ms. Found 7 JPA repository interfaces.
2020-03-28 04:01:27.518  INFO 27716 --- [main] o.s.b.w.embedded.tomcat.TomcatWebServer  : Tomcat initialized with port(s): 8093 (http)
2020-03-28 04:01:27.525  INFO 27716 --- [main] o.apache.catalina.core.StandardService   : Starting service [Tomcat]
2020-03-28 04:01:27.525  INFO 27716 --- [main] org.apache.catalina.core.StandardEngine  : Starting Servlet engine: [Apache Tomcat/9.0.31]
2020-03-28 04:01:27.622  INFO 27716 --- [main] o.a.c.c.C.[.[.[/ConsomiTounsi]           : Initializing Spring embedded WebApplicationContext
2020-03-28 04:01:27.622  INFO 27716 --- [main] o.s.web.context.ContextLoader            : Root WebApplicationContext: initialization completed in 1069 ms
2020-03-28 04:01:27.742  INFO 27716 --- [main] o.hibernate.jpa.internal.util.LogHelper  : HHH000204: Processing PersistenceUnitInfo [name: default]
2020-03-28 04:01:27.792  INFO 27716 --- [main] org.hibernate.Version                    : HHH000412: Hibernate ORM core version 5.4.12.Final
2020-03-28 04:01:27.878  INFO 27716 --- [main] o.hibernate.annotations.common.Version   : HCANN000001: Hibernate Commons Annotations {5.1.0.Final}
2020-03-28 04:01:28.024  INFO 27716 --- [main] com.zaxxer.hikari.HikariDataSource       : HikariPool-1 - Starting...
2020-03-28 04:01:28.119  INFO 27716 --- [main] com.zaxxer.hikari.HikariDataSource       : HikariPool-1 - Start completed.
2020-03-28 04:01:28.128  INFO 27716 --- [main] org.hibernate.dialect.Dialect            : HHH000400: Using dialect: org.hibernate.dialect.MySQL5InnoDBDialect
2020-03-28 04:01:28.558  INFO 27716 --- [main] org.hibernate.tuple.PojoInstantiator     : HHH000182: No default (no-argument) constructor for class: tn.consomitounsi.www.entity.UserProductCategoryViews (class must be instantiated by Interceptor)
2020-03-28 04:01:28.575  INFO 27716 --- [main] org.hibernate.tuple.PojoInstantiator     : HHH000182: No default (no-argument) constructor for class: tn.consomitounsi.www.entity.UserProductViews (class must be instantiated by Interceptor)
2020-03-28 04:01:28.827  INFO 27716 --- [main] o.h.e.t.j.p.i.JtaPlatformInitiator       : HHH000490: Using JtaPlatform implementation: [org.hibernate.engine.transaction.jta.platform.internal.NoJtaPlatform]
2020-03-28 04:01:28.832  INFO 27716 --- [main] j.LocalContainerEntityManagerFactoryBean : Initialized JPA EntityManagerFactory for persistence unit 'default'
2020-03-28 04:01:29.243  WARN 27716 --- [main] JpaBaseConfiguration$JpaWebConfiguration : spring.jpa.open-in-view is enabled by default. Therefore, database queries may be performed during view rendering. Explicitly configure spring.jpa.open-in-view to disable this warning
2020-03-28 04:01:29.353  INFO 27716 --- [main] o.s.s.web.DefaultSecurityFilterChain     : Creating filter chain: any request, [org.springframework.security.web.context.request.async.WebAsyncManagerIntegrationFilter@45dde6ac, org.springframework.security.web.context.SecurityContextPersistenceFilter@25a290ee, org.springframework.security.web.header.HeaderWriterFilter@fe42a09, org.springframework.security.web.csrf.CsrfFilter@19105a87, org.springframework.security.web.authentication.logout.LogoutFilter@100d0218, org.springframework.security.web.authentication.UsernamePasswordAuthenticationFilter@505d2bac, org.springframework.security.web.authentication.ui.DefaultLoginPageGeneratingFilter@6df791a4, org.springframework.security.web.authentication.ui.DefaultLogoutPageGeneratingFilter@14ed7ddf, org.springframework.security.web.savedrequest.RequestCacheAwareFilter@4052913c, org.springframework.security.web.servletapi.SecurityContextHolderAwareRequestFilter@25ae1f80, org.springframework.security.web.authentication.AnonymousAuthenticationFilter@892af0e, org.springframework.security.web.session.SessionManagementFilter@1ffd0114, org.springframework.security.web.access.ExceptionTranslationFilter@16bbaab3, org.springframework.security.web.access.intercept.FilterSecurityInterceptor@ba4f370]
2020-03-28 04:01:29.473  INFO 27716 --- [main] o.s.s.concurrent.ThreadPoolTaskExecutor  : Initializing ExecutorService 'applicationTaskExecutor'
2020-03-28 04:01:29.612  INFO 27716 --- [main] o.s.b.w.embedded.tomcat.TomcatWebServer  : Tomcat started on port(s): 8093 (http) with context path '/ConsomiTounsi'
2020-03-28 04:01:29.614  INFO 27716 --- [main] t.c.www.ConsomiTounsi619Application      : Started ConsomiTounsi619Application in 3.416 seconds (JVM running for 4.32)
2020-03-28 04:02:26.847  INFO 27716 --- [RMI TCP Connection(8)-127.0.0.1] inMXBeanRegistrar$SpringApplicationAdmin : Application shutdown requested.
2020-03-28 04:02:26.849  INFO 27716 --- [RMI TCP Connection(8)-127.0.0.1] o.s.s.concurrent.ThreadPoolTaskExecutor  : Shutting down ExecutorService 'applicationTaskExecutor'
2020-03-28 04:02:26.851  INFO 27716 --- [RMI TCP Connection(8)-127.0.0.1] j.LocalContainerEntityManagerFactoryBean : Closing JPA EntityManagerFactory for persistence unit 'default'
2020-03-28 04:02:26.853  INFO 27716 --- [RMI TCP Connection(8)-127.0.0.1] com.zaxxer.hikari.HikariDataSource       : HikariPool-1 - Shutdown initiated...
2020-03-28 04:02:26.858  INFO 27716 --- [RMI TCP Connection(8)-127.0.0.1] com.zaxxer.hikari.HikariDataSource       : HikariPool-1 - Shutdown completed.
2020-03-28 04:02:34.677  INFO 30244 --- [main] t.c.www.ConsomiTounsi619Application      : Starting ConsomiTounsi619Application on DESKTOP-AEHOEIC with PID 30244 (C:\Users\Marwa\Documents\workspace-sts-3.9.4.RELEASE\ConsomiTounsi619\target\classes started by Marwa in C:\Users\Marwa\Documents\workspace-sts-3.9.4.RELEASE\ConsomiTounsi619)
2020-03-28 04:02:34.679  INFO 30244 --- [main] t.c.www.ConsomiTounsi619Application      : No active profile set, falling back to default profiles: default
2020-03-28 04:02:35.095  INFO 30244 --- [main] .s.d.r.c.RepositoryConfigurationDelegate : Bootstrapping Spring Data JPA repositories in DEFAULT mode.
2020-03-28 04:02:35.168  INFO 30244 --- [main] .s.d.r.c.RepositoryConfigurationDelegate : Finished Spring Data repository scanning in 65ms. Found 7 JPA repository interfaces.
2020-03-28 04:02:35.631  INFO 30244 --- [main] o.s.b.w.embedded.tomcat.TomcatWebServer  : Tomcat initialized with port(s): 8093 (http)
2020-03-28 04:02:35.638  INFO 30244 --- [main] o.apache.catalina.core.StandardService   : Starting service [Tomcat]
2020-03-28 04:02:35.639  INFO 30244 --- [main] org.apache.catalina.core.StandardEngine  : Starting Servlet engine: [Apache Tomcat/9.0.31]
2020-03-28 04:02:35.735  INFO 30244 --- [main] o.a.c.c.C.[.[.[/ConsomiTounsi]           : Initializing Spring embedded WebApplicationContext
2020-03-28 04:02:35.735  INFO 30244 --- [main] o.s.web.context.ContextLoader            : Root WebApplicationContext: initialization completed in 1022 ms
2020-03-28 04:02:35.856  INFO 30244 --- [main] o.hibernate.jpa.internal.util.LogHelper  : HHH000204: Processing PersistenceUnitInfo [name: default]
2020-03-28 04:02:35.906  INFO 30244 --- [main] org.hibernate.Version                    : HHH000412: Hibernate ORM core version 5.4.12.Final
2020-03-28 04:02:35.995  INFO 30244 --- [main] o.hibernate.annotations.common.Version   : HCANN000001: Hibernate Commons Annotations {5.1.0.Final}
2020-03-28 04:02:36.150  INFO 30244 --- [main] com.zaxxer.hikari.HikariDataSource       : HikariPool-1 - Starting...
2020-03-28 04:02:36.241  INFO 30244 --- [main] com.zaxxer.hikari.HikariDataSource       : HikariPool-1 - Start completed.
2020-03-28 04:02:36.249  INFO 30244 --- [main] org.hibernate.dialect.Dialect            : HHH000400: Using dialect: org.hibernate.dialect.MySQL5InnoDBDialect
2020-03-28 04:02:36.677  INFO 30244 --- [main] org.hibernate.tuple.PojoInstantiator     : HHH000182: No default (no-argument) constructor for class: tn.consomitounsi.www.entity.UserProductCategoryViews (class must be instantiated by Interceptor)
2020-03-28 04:02:36.693  INFO 30244 --- [main] org.hibernate.tuple.PojoInstantiator     : HHH000182: No default (no-argument) constructor for class: tn.consomitounsi.www.entity.UserProductViews (class must be instantiated by Interceptor)
2020-03-28 04:02:36.952  INFO 30244 --- [main] o.h.e.t.j.p.i.JtaPlatformInitiator       : HHH000490: Using JtaPlatform implementation: [org.hibernate.engine.transaction.jta.platform.internal.NoJtaPlatform]
2020-03-28 04:02:36.958  INFO 30244 --- [main] j.LocalContainerEntityManagerFactoryBean : Initialized JPA EntityManagerFactory for persistence unit 'default'
2020-03-28 04:02:37.362  WARN 30244 --- [main] JpaBaseConfiguration$JpaWebConfiguration : spring.jpa.open-in-view is enabled by default. Therefore, database queries may be performed during view rendering. Explicitly configure spring.jpa.open-in-view to disable this warning
2020-03-28 04:02:37.480  INFO 30244 --- [main] o.s.s.web.DefaultSecurityFilterChain     : Creating filter chain: any request, [org.springframework.security.web.context.request.async.WebAsyncManagerIntegrationFilter@59e082f8, org.springframework.security.web.context.SecurityContextPersistenceFilter@7ef8e623, org.springframework.security.web.header.HeaderWriterFilter@b428830, org.springframework.security.web.csrf.CsrfFilter@7103745, org.springframework.security.web.authentication.logout.LogoutFilter@7af0d91b, org.springframework.security.web.authentication.UsernamePasswordAuthenticationFilter@1c2d63f0, org.springframework.security.web.authentication.ui.DefaultLoginPageGeneratingFilter@22b7ef2b, org.springframework.security.web.authentication.ui.DefaultLogoutPageGeneratingFilter@7185e611, org.springframework.security.web.savedrequest.RequestCacheAwareFilter@2fac80a8, org.springframework.security.web.servletapi.SecurityContextHolderAwareRequestFilter@7babed9e, org.springframework.security.web.authentication.AnonymousAuthenticationFilter@44d43cc9, org.springframework.security.web.session.SessionManagementFilter@42aa1324, org.springframework.security.web.access.ExceptionTranslationFilter@334540a0, org.springframework.security.web.access.intercept.FilterSecurityInterceptor@1c00d406]
2020-03-28 04:02:37.596  INFO 30244 --- [main] o.s.s.concurrent.ThreadPoolTaskExecutor  : Initializing ExecutorService 'applicationTaskExecutor'
2020-03-28 04:02:37.738  INFO 30244 --- [main] o.s.b.w.embedded.tomcat.TomcatWebServer  : Tomcat started on port(s): 8093 (http) with context path '/ConsomiTounsi'
2020-03-28 04:02:37.740  INFO 30244 --- [main] t.c.www.ConsomiTounsi619Application      : Started ConsomiTounsi619Application in 3.347 seconds (JVM running for 4.213)
2020-03-28 04:03:08.666  INFO 30244 --- [RMI TCP Connection(9)-127.0.0.1] inMXBeanRegistrar$SpringApplicationAdmin : Application shutdown requested.
2020-03-28 04:03:08.668  INFO 30244 --- [RMI TCP Connection(9)-127.0.0.1] o.s.s.concurrent.ThreadPoolTaskExecutor  : Shutting down ExecutorService 'applicationTaskExecutor'
2020-03-28 04:03:08.670  INFO 30244 --- [RMI TCP Connection(9)-127.0.0.1] j.LocalContainerEntityManagerFactoryBean : Closing JPA EntityManagerFactory for persistence unit 'default'
2020-03-28 04:03:08.671  INFO 30244 --- [RMI TCP Connection(9)-127.0.0.1] com.zaxxer.hikari.HikariDataSource       : HikariPool-1 - Shutdown initiated...
2020-03-28 04:03:08.676  INFO 30244 --- [RMI TCP Connection(9)-127.0.0.1] com.zaxxer.hikari.HikariDataSource       : HikariPool-1 - Shutdown completed.
2020-03-28 04:03:16.904  INFO 33520 --- [main] t.c.www.ConsomiTounsi619Application      : Starting ConsomiTounsi619Application on DESKTOP-AEHOEIC with PID 33520 (C:\Users\Marwa\Documents\workspace-sts-3.9.4.RELEASE\ConsomiTounsi619\target\classes started by Marwa in C:\Users\Marwa\Documents\workspace-sts-3.9.4.RELEASE\ConsomiTounsi619)
2020-03-28 04:03:16.906  INFO 33520 --- [main] t.c.www.ConsomiTounsi619Application      : No active profile set, falling back to default profiles: default
2020-03-28 04:03:17.328  INFO 33520 --- [main] .s.d.r.c.RepositoryConfigurationDelegate : Bootstrapping Spring Data JPA repositories in DEFAULT mode.
2020-03-28 04:03:17.399  INFO 33520 --- [main] .s.d.r.c.RepositoryConfigurationDelegate : Finished Spring Data repository scanning in 65ms. Found 7 JPA repository interfaces.
2020-03-28 04:03:17.866  INFO 33520 --- [main] o.s.b.w.embedded.tomcat.TomcatWebServer  : Tomcat initialized with port(s): 8093 (http)
2020-03-28 04:03:17.873  INFO 33520 --- [main] o.apache.catalina.core.StandardService   : Starting service [Tomcat]
2020-03-28 04:03:17.873  INFO 33520 --- [main] org.apache.catalina.core.StandardEngine  : Starting Servlet engine: [Apache Tomcat/9.0.31]
2020-03-28 04:03:17.971  INFO 33520 --- [main] o.a.c.c.C.[.[.[/ConsomiTounsi]           : Initializing Spring embedded WebApplicationContext
2020-03-28 04:03:17.972  INFO 33520 --- [main] o.s.web.context.ContextLoader            : Root WebApplicationContext: initialization completed in 1030 ms
2020-03-28 04:03:18.091  INFO 33520 --- [main] o.hibernate.jpa.internal.util.LogHelper  : HHH000204: Processing PersistenceUnitInfo [name: default]
2020-03-28 04:03:18.142  INFO 33520 --- [main] org.hibernate.Version                    : HHH000412: Hibernate ORM core version 5.4.12.Final
2020-03-28 04:03:18.233  INFO 33520 --- [main] o.hibernate.annotations.common.Version   : HCANN000001: Hibernate Commons Annotations {5.1.0.Final}
2020-03-28 04:03:18.384  INFO 33520 --- [main] com.zaxxer.hikari.HikariDataSource       : HikariPool-1 - Starting...
2020-03-28 04:03:18.472  INFO 33520 --- [main] com.zaxxer.hikari.HikariDataSource       : HikariPool-1 - Start completed.
2020-03-28 04:03:18.481  INFO 33520 --- [main] org.hibernate.dialect.Dialect            : HHH000400: Using dialect: org.hibernate.dialect.MySQL5InnoDBDialect
2020-03-28 04:03:18.913  INFO 33520 --- [main] org.hibernate.tuple.PojoInstantiator     : HHH000182: No default (no-argument) constructor for class: tn.consomitounsi.www.entity.UserProductCategoryViews (class must be instantiated by Interceptor)
2020-03-28 04:03:18.929  INFO 33520 --- [main] org.hibernate.tuple.PojoInstantiator     : HHH000182: No default (no-argument) constructor for class: tn.consomitounsi.www.entity.UserProductViews (class must be instantiated by Interceptor)
2020-03-28 04:03:19.230  INFO 33520 --- [main] o.h.e.t.j.p.i.JtaPlatformInitiator       : HHH000490: Using JtaPlatform implementation: [org.hibernate.engine.transaction.jta.platform.internal.NoJtaPlatform]
2020-03-28 04:03:19.235  INFO 33520 --- [main] j.LocalContainerEntityManagerFactoryBean : Initialized JPA EntityManagerFactory for persistence unit 'default'
2020-03-28 04:03:19.636  WARN 33520 --- [main] JpaBaseConfiguration$JpaWebConfiguration : spring.jpa.open-in-view is enabled by default. Therefore, database queries may be performed during view rendering. Explicitly configure spring.jpa.open-in-view to disable this warning
2020-03-28 04:03:19.753  INFO 33520 --- [main] o.s.s.web.DefaultSecurityFilterChain     : Creating filter chain: any request, [org.springframework.security.web.context.request.async.WebAsyncManagerIntegrationFilter@600bbf9e, org.springframework.security.web.context.SecurityContextPersistenceFilter@6d421fe, org.springframework.security.web.header.HeaderWriterFilter@7babed9e, org.springframework.security.web.csrf.CsrfFilter@b428830, org.springframework.security.web.authentication.logout.LogoutFilter@446c8c72, org.springframework.security.web.authentication.UsernamePasswordAuthenticationFilter@45cd8607, org.springframework.security.web.authentication.ui.DefaultLoginPageGeneratingFilter@505d2bac, org.springframework.security.web.authentication.ui.DefaultLogoutPageGeneratingFilter@18d30e7, org.springframework.security.web.savedrequest.RequestCacheAwareFilter@36dafa24, org.springframework.security.web.servletapi.SecurityContextHolderAwareRequestFilter@6684f7f2, org.springframework.security.web.authentication.AnonymousAuthenticationFilter@72b40f87, org.springframework.security.web.session.SessionManagementFilter@7c7ed72a, org.springframework.security.web.access.ExceptionTranslationFilter@68d6f48e, org.springframework.security.web.access.intercept.FilterSecurityInterceptor@7185e611]
2020-03-28 04:03:19.872  INFO 33520 --- [main] o.s.s.concurrent.ThreadPoolTaskExecutor  : Initializing ExecutorService 'applicationTaskExecutor'
2020-03-28 04:03:20.009  INFO 33520 --- [main] o.s.b.w.embedded.tomcat.TomcatWebServer  : Tomcat started on port(s): 8093 (http) with context path '/ConsomiTounsi'
2020-03-28 04:03:20.011  INFO 33520 --- [main] t.c.www.ConsomiTounsi619Application      : Started ConsomiTounsi619Application in 3.387 seconds (JVM running for 4.247)
2020-03-28 04:22:34.250  INFO 33520 --- [http-nio-8093-exec-1] o.a.c.c.C.[.[.[/ConsomiTounsi]           : Initializing Spring DispatcherServlet 'dispatcherServlet'
2020-03-28 04:22:34.250  INFO 33520 --- [http-nio-8093-exec-1] o.s.web.servlet.DispatcherServlet        : Initializing Servlet 'dispatcherServlet'
2020-03-28 04:22:34.256  INFO 33520 --- [http-nio-8093-exec-1] o.s.web.servlet.DispatcherServlet        : Completed initialization in 6 ms
2020-03-28 11:20:43.791  WARN 33520 --- [HikariPool-1 housekeeper] com.zaxxer.hikari.pool.HikariPool        : HikariPool-1 - Thread starvation or clock leap detected (housekeeper delta=2h37m49s641ms397µs).
2020-03-28 12:56:05.724  INFO 33520 --- [RMI TCP Connection(387)-127.0.0.1] inMXBeanRegistrar$SpringApplicationAdmin : Application shutdown requested.
2020-03-28 12:56:05.741  INFO 33520 --- [RMI TCP Connection(387)-127.0.0.1] o.s.s.concurrent.ThreadPoolTaskExecutor  : Shutting down ExecutorService 'applicationTaskExecutor'
2020-03-28 12:56:05.745  INFO 33520 --- [RMI TCP Connection(387)-127.0.0.1] j.LocalContainerEntityManagerFactoryBean : Closing JPA EntityManagerFactory for persistence unit 'default'
2020-03-28 12:56:05.758  INFO 33520 --- [RMI TCP Connection(387)-127.0.0.1] com.zaxxer.hikari.HikariDataSource       : HikariPool-1 - Shutdown initiated...
2020-03-28 12:56:05.763  INFO 33520 --- [RMI TCP Connection(387)-127.0.0.1] com.zaxxer.hikari.HikariDataSource       : HikariPool-1 - Shutdown completed.
